CCS PCM C Compiler, Version 5.007, 61971               04-Oca-21 01:10

               Filename:   C:\Users\USER\Desktop\loginpasww\main.lst

               ROM used:   1280 words (16%)
                           Largest free fragment is 2048
               RAM used:   9 (2%) at main() level
                           36 (10%) worst case
               Stack used: 0 locations
               Stack size: 8

*
0000:  MOVLW  03
0001:  MOVWF  0A
0002:  GOTO   35F
0003:  NOP
.................... #include <main.h> 
.................... #include <16F877A.h> 
.................... //////// Standard Header file for the PIC16F877A device //////////////// 
.................... #device PIC16F877A 
0004:  BCF    0A.0
0005:  BCF    0A.1
0006:  BCF    0A.2
0007:  ADDWF  02,F
0008:  RETLW  28
0009:  RETLW  0C
000A:  RETLW  01
000B:  RETLW  06
000C:  DATA F3,34
000D:  DATA 66,39
000E:  DATA 65,10
000F:  DATA E7,34
0010:  DATA F2,34
0011:  DATA 6E,10
0012:  DATA F9,30
0013:  DATA E4,30
0014:  DATA 0A,00
0015:  DATA F3,34
0016:  DATA 66,39
0017:  DATA 65,10
0018:  DATA E4,32
0019:  DATA E7,34
001A:  DATA 73,10
001B:  DATA 22,15
001C:  DATA 22,00
001D:  DATA F3,34
001E:  DATA 66,39
001F:  DATA E5,3C
0020:  DATA 69,10
0021:  DATA E7,34
0022:  DATA F2,34
0023:  DATA 6E,05
0024:  DATA 00,01
0025:  RETLW  73
0026:  RETLW  69
0027:  RETLW  66
0028:  RETLW  72
0029:  RETLW  65
002A:  RETLW  20
002B:  RETLW  64
002C:  RETLW  6F
002D:  RETLW  F0
002E:  RETLW  72
002F:  RETLW  75
0030:  RETLW  0A
0031:  RETLW  00
0032:  RETLW  73
0033:  RETLW  69
0034:  RETLW  66
0035:  RETLW  72
0036:  RETLW  65
0037:  RETLW  20
0038:  RETLW  79
0039:  RETLW  61
003A:  RETLW  6E
003B:  RETLW  6C
003C:  RETLW  FD
003D:  RETLW  73
003E:  RETLW  0A
003F:  RETLW  00
0040:  DATA F4,32
0041:  DATA 6B,39
0042:  DATA 61,39
0043:  DATA 20,32
0044:  DATA 65,37
0045:  DATA E5,3C
0046:  DATA 69,37
0047:  DATA 69,3D
0048:  DATA 0A,00
0049:  DATA F3,34
004A:  DATA 66,39
004B:  DATA E5,3C
004C:  DATA 69,10
004D:  DATA E7,34
004E:  DATA F2,34
004F:  DATA 6E,05
0050:  DATA 00,01
0051:  DATA F3,34
0052:  DATA 66,39
0053:  DATA E5,3C
0054:  DATA 69,10
0055:  DATA E7,34
0056:  DATA F2,34
0057:  DATA 6E,05
0058:  DATA 00,01
0059:  RETLW  73
005A:  RETLW  69
005B:  RETLW  66
005C:  RETLW  72
005D:  RETLW  65
005E:  RETLW  20
005F:  RETLW  79
0060:  RETLW  61
0061:  RETLW  6E
0062:  RETLW  6C
0063:  RETLW  FD
0064:  RETLW  73
0065:  RETLW  0A
0066:  RETLW  00
0067:  DATA F4,32
0068:  DATA 6B,39
0069:  DATA 61,39
006A:  DATA 20,32
006B:  DATA 65,37
006C:  DATA E5,3C
006D:  DATA 69,37
006E:  DATA 69,3D
006F:  DATA 0A,00
0070:  DATA F9,32
0071:  DATA EE,34
0072:  DATA A0,39
0073:  DATA 69,33
0074:  DATA F2,32
0075:  DATA F9,34
0076:  DATA A0,33
0077:  DATA 69,39
0078:  DATA 69,37
0079:  DATA 0A,00
007A:  DATA F3,34
007B:  DATA 66,39
007C:  DATA 65,10
007D:  DATA E4,32
007E:  DATA E7,34
007F:  DATA 73,3A
0080:  DATA 69,05
0081:  DATA 00,01
0082:  DATA F9,32
0083:  DATA EE,34
0084:  DATA E4,32
0085:  DATA 6E,10
0086:  DATA E7,34
0087:  DATA F2,34
0088:  DATA EE,34
0089:  DATA 7A,05
008A:  DATA 00,01
008B:  DATA F3,34
008C:  DATA 66,39
008D:  DATA E5,3C
008E:  DATA 69,10
008F:  DATA E7,34
0090:  DATA F2,34
0091:  DATA 6E,05
0092:  DATA 00,00
*
01E1:  MOVF   0B,W
01E2:  MOVWF  2E
01E3:  BCF    0B.7
01E4:  BSF    03.5
01E5:  BSF    03.6
01E6:  BSF    0C.7
01E7:  BSF    0C.0
01E8:  NOP
01E9:  NOP
01EA:  BCF    03.5
01EB:  MOVF   0C,W
01EC:  ANDLW  7F
01ED:  BTFSC  03.2
01EE:  GOTO   228
01EF:  BCF    03.6
01F0:  MOVWF  2F
01F1:  BSF    03.6
01F2:  MOVF   0D,W
01F3:  BCF    03.6
01F4:  MOVWF  30
01F5:  BSF    03.6
01F6:  MOVF   0F,W
01F7:  BCF    03.6
01F8:  MOVWF  31
01F9:  MOVF   2F,W
01FA:  MOVWF  34
01FB:  CALL   1B5
01FC:  MOVF   30,W
01FD:  BSF    03.6
01FE:  MOVWF  0D
01FF:  BCF    03.6
0200:  MOVF   31,W
0201:  BSF    03.6
0202:  MOVWF  0F
0203:  BSF    03.5
0204:  BSF    0C.7
0205:  BSF    0C.0
0206:  NOP
0207:  NOP
0208:  BCF    03.5
0209:  RLF    0C,W
020A:  RLF    0E,W
020B:  ANDLW  7F
020C:  BTFSC  03.2
020D:  GOTO   228
020E:  BCF    03.6
020F:  MOVWF  2F
0210:  BSF    03.6
0211:  MOVF   0D,W
0212:  BCF    03.6
0213:  MOVWF  30
0214:  BSF    03.6
0215:  MOVF   0F,W
0216:  BCF    03.6
0217:  MOVWF  31
0218:  MOVF   2F,W
0219:  MOVWF  34
021A:  CALL   1B5
021B:  MOVF   30,W
021C:  BSF    03.6
021D:  MOVWF  0D
021E:  BCF    03.6
021F:  MOVF   31,W
0220:  BSF    03.6
0221:  MOVWF  0F
0222:  INCF   0D,F
0223:  BTFSC  03.2
0224:  INCF   0F,F
0225:  BCF    03.6
0226:  GOTO   1E4
0227:  BSF    03.6
0228:  BCF    03.6
0229:  BTFSC  2E.7
022A:  BSF    0B.7
022B:  RETURN
*
02CC:  BSF    03.5
02CD:  BSF    03.6
02CE:  BSF    0C.7
02CF:  BSF    0C.0
02D0:  NOP
02D1:  NOP
02D2:  BCF    03.5
02D3:  MOVF   0C,F
02D4:  BTFSC  03.2
02D5:  GOTO   2EF
02D6:  MOVF   0D,W
02D7:  BCF    03.6
02D8:  MOVWF  2E
02D9:  BSF    03.6
02DA:  MOVF   0F,W
02DB:  BCF    03.6
02DC:  MOVWF  2F
02DD:  BSF    03.6
02DE:  MOVF   0C,W
02DF:  BCF    03.6
02E0:  MOVWF  34
02E1:  CALL   1B5
02E2:  MOVF   2E,W
02E3:  BSF    03.6
02E4:  MOVWF  0D
02E5:  BCF    03.6
02E6:  MOVF   2F,W
02E7:  BSF    03.6
02E8:  MOVWF  0F
02E9:  INCF   0D,F
02EA:  BTFSC  03.2
02EB:  INCF   0F,F
02EC:  BCF    03.6
02ED:  GOTO   2CC
02EE:  BSF    03.6
02EF:  BCF    03.6
02F0:  RETURN
02F1:  MOVF   35,W
02F2:  CLRF   78
02F3:  SUBWF  34,W
02F4:  BTFSC  03.0
02F5:  GOTO   2F9
02F6:  MOVF   34,W
02F7:  MOVWF  77
02F8:  GOTO   305
02F9:  CLRF   77
02FA:  MOVLW  08
02FB:  MOVWF  36
02FC:  RLF    34,F
02FD:  RLF    77,F
02FE:  MOVF   35,W
02FF:  SUBWF  77,W
0300:  BTFSC  03.0
0301:  MOVWF  77
0302:  RLF    78,F
0303:  DECFSZ 36,F
0304:  GOTO   2FC
0305:  RETURN
0306:  MOVLW  20
0307:  BTFSS  2F.4
0308:  MOVLW  30
0309:  MOVWF  30
030A:  MOVF   2E,W
030B:  MOVWF  77
030C:  BTFSS  2E.7
030D:  GOTO   316
030E:  COMF   77,F
030F:  INCF   77,F
0310:  MOVF   77,W
0311:  MOVWF  2E
0312:  MOVLW  2D
0313:  MOVWF  30
0314:  BSF    2F.7
0315:  BSF    2F.0
0316:  MOVF   2E,W
0317:  MOVWF  34
0318:  MOVLW  64
0319:  MOVWF  35
031A:  CALL   2F1
031B:  MOVF   77,W
031C:  MOVWF  2E
031D:  MOVLW  30
031E:  ADDWF  78,W
031F:  MOVWF  31
0320:  MOVF   2E,W
0321:  MOVWF  34
0322:  MOVLW  0A
0323:  MOVWF  35
0324:  CALL   2F1
0325:  MOVLW  30
0326:  ADDWF  77,W
0327:  MOVWF  33
0328:  MOVLW  30
0329:  ADDWF  78,W
032A:  MOVWF  32
032B:  MOVF   30,W
032C:  MOVWF  77
032D:  MOVLW  30
032E:  SUBWF  31,W
032F:  BTFSC  03.2
0330:  GOTO   335
0331:  BSF    2F.1
0332:  BTFSC  2F.7
0333:  BSF    2F.2
0334:  GOTO   349
0335:  MOVF   30,W
0336:  MOVWF  31
0337:  MOVLW  20
0338:  MOVWF  30
0339:  MOVLW  30
033A:  SUBWF  32,W
033B:  BTFSC  03.2
033C:  GOTO   341
033D:  BSF    2F.0
033E:  BTFSC  2F.7
033F:  BSF    2F.1
0340:  GOTO   349
0341:  BTFSS  03.2
0342:  BSF    2F.0
0343:  BTFSS  03.2
0344:  GOTO   349
0345:  MOVF   31,W
0346:  MOVWF  32
0347:  MOVLW  20
0348:  MOVWF  31
0349:  BTFSC  2F.2
034A:  GOTO   350
034B:  BTFSC  2F.1
034C:  GOTO   353
034D:  BTFSC  2F.0
034E:  GOTO   356
034F:  GOTO   359
0350:  MOVF   30,W
0351:  MOVWF  34
0352:  CALL   1B5
0353:  MOVF   31,W
0354:  MOVWF  34
0355:  CALL   1B5
0356:  MOVF   32,W
0357:  MOVWF  34
0358:  CALL   1B5
0359:  MOVF   33,W
035A:  MOVWF  34
035B:  CALL   1B5
035C:  BCF    0A.3
035D:  BCF    0A.4
035E:  GOTO   4CB (RETURN)
....................  
.................... #list 
....................  
.................... #device ADC=16 
....................  
.................... #FUSES NOWDT                 	//No Watch Dog Timer 
.................... #FUSES NOBROWNOUT            	//No brownout reset 
.................... #FUSES NOLVP                 	//No low voltage prgming, B3(PIC16) or B5(PIC18) used for I/O 
....................  
.................... #use delay(crystal=20000000) 
*
0093:  MOVLW  35
0094:  MOVWF  04
0095:  BCF    03.7
0096:  MOVF   00,W
0097:  BTFSC  03.2
0098:  GOTO   0A6
0099:  MOVLW  06
009A:  MOVWF  78
009B:  CLRF   77
009C:  DECFSZ 77,F
009D:  GOTO   09C
009E:  DECFSZ 78,F
009F:  GOTO   09B
00A0:  MOVLW  7B
00A1:  MOVWF  77
00A2:  DECFSZ 77,F
00A3:  GOTO   0A2
00A4:  DECFSZ 00,F
00A5:  GOTO   099
00A6:  RETURN
....................  
....................  
.................... #define LCD_ENABLE_PIN PIN_B0 
.................... #define LCD_RS_PIN PIN_B1 
.................... #define LCD_RW_PIN PIN_B2 
.................... #define LCD_DATA4 PIN_B4 
.................... #define LCD_DATA5 PIN_B5 
.................... #define LCD_DATA6 PIN_B6 
.................... #define LCD_DATA7 PIN_B7 
....................  
.................... #include <lcd.c> 
.................... /////////////////////////////////////////////////////////////////////////////// 
.................... ////                             LCD.C                                     //// 
.................... ////                 Driver for common LCD modules                         //// 
.................... ////                                                                       //// 
.................... ////  lcd_init()   Must be called before any other function.               //// 
.................... ////                                                                       //// 
.................... ////  lcd_putc(c)  Will display c on the next position of the LCD.         //// 
.................... ////                 \a  Set cursor position to upper left                 //// 
.................... ////                 \f  Clear display, set cursor to upper left           //// 
.................... ////                 \n  Go to start of second line                        //// 
.................... ////                 \b  Move back one position                            //// 
.................... ////              If LCD_EXTENDED_NEWLINE is defined, the \n character     //// 
.................... ////              will erase all remanining characters on the current      //// 
.................... ////              line, and move the cursor to the beginning of the next   //// 
.................... ////              line.                                                    //// 
.................... ////              If LCD_EXTENDED_NEWLINE is defined, the \r character     //// 
.................... ////              will move the cursor to the start of the current         //// 
.................... ////              line.                                                    //// 
.................... ////                                                                       //// 
.................... ////  lcd_gotoxy(x,y) Set write position on LCD (upper left is 1,1)        //// 
.................... ////                                                                       //// 
.................... ////  lcd_getc(x,y)   Returns character at position x,y on LCD             //// 
.................... ////                                                                       //// 
.................... ////  lcd_cursor_on(int1 on)   Turn the cursor on (on=TRUE) or off         //// 
.................... ////              (on=FALSE).                                              //// 
.................... ////                                                                       //// 
.................... ////  lcd_set_cgram_char(w, *p)   Write a custom character to the CGRAM.   //// 
.................... ////                                                                       //// 
.................... ////                                                                       //// 
.................... ////  CONFIGURATION                                                        //// 
.................... ////  The LCD can be configured in one of two ways: a.) port access or     //// 
.................... ////  b.) pin access.  Port access requires the entire 7 bit interface     //// 
.................... ////  connected to one GPIO port, and the data bits (D4:D7 of the LCD)     //// 
.................... ////  connected to sequential pins on the GPIO.  Pin access                //// 
.................... ////  has no requirements, all 7 bits of the control interface can         //// 
.................... ////  can be connected to any GPIO using several ports.                    //// 
.................... ////                                                                       //// 
.................... ////  To use port access, #define LCD_DATA_PORT to the SFR location of     //// 
.................... ////  of the GPIO port that holds the interface, -AND- edit LCD_PIN_MAP    //// 
.................... ////  of this file to configure the pin order.  If you are using a         //// 
.................... ////  baseline PIC (PCB), then LCD_OUTPUT_MAP and LCD_INPUT_MAP also must  //// 
.................... ////  be defined.                                                          //// 
.................... ////                                                                       //// 
.................... ////  Example of port access:                                              //// 
.................... ////     #define LCD_DATA_PORT getenv("SFR:PORTD")                         //// 
.................... ////                                                                       //// 
.................... ////  To use pin access, the following pins must be defined:               //// 
.................... ////     LCD_ENABLE_PIN                                                    //// 
.................... ////     LCD_RS_PIN                                                        //// 
.................... ////     LCD_RW_PIN                                                        //// 
.................... ////     LCD_DATA4                                                         //// 
.................... ////     LCD_DATA5                                                         //// 
.................... ////     LCD_DATA6                                                         //// 
.................... ////     LCD_DATA7                                                         //// 
.................... ////                                                                       //// 
.................... ////  Example of pin access:                                               //// 
.................... ////     #define LCD_ENABLE_PIN  PIN_E0                                    //// 
.................... ////     #define LCD_RS_PIN      PIN_E1                                    //// 
.................... ////     #define LCD_RW_PIN      PIN_E2                                    //// 
.................... ////     #define LCD_DATA4       PIN_D4                                    //// 
.................... ////     #define LCD_DATA5       PIN_D5                                    //// 
.................... ////     #define LCD_DATA6       PIN_D6                                    //// 
.................... ////     #define LCD_DATA7       PIN_D7                                    //// 
.................... ////                                                                       //// 
.................... /////////////////////////////////////////////////////////////////////////////// 
.................... ////        (C) Copyright 1996,2010 Custom Computer Services           //// 
.................... //// This source code may only be used by licensed users of the CCS C  //// 
.................... //// compiler.  This source code may only be distributed to other      //// 
.................... //// licensed users of the CCS C compiler.  No other use, reproduction //// 
.................... //// or distribution is permitted without written permission.          //// 
.................... //// Derivative programs created using this software in object code    //// 
.................... //// form are not restricted in any way.                               //// 
.................... /////////////////////////////////////////////////////////////////////////// 
....................  
.................... #ifndef __LCD_C__ 
.................... #define __LCD_C__ 
....................  
.................... // define the pinout. 
.................... // only required if port access is being used. 
.................... typedef struct   
.................... {                            // This structure is overlayed 
....................    int1 enable;           // on to an I/O port to gain 
....................    int1 rs;               // access to the LCD pins. 
....................    int1 rw;               // The bits are allocated from 
....................    int1 unused;           // low order up.  ENABLE will 
....................    unsigned int     data : 4;         // be LSB pin of that port. 
....................   #if defined(__PCD__)       // The port used will be LCD_DATA_PORT. 
....................    unsigned int    reserved: 8; 
....................   #endif 
.................... } LCD_PIN_MAP; 
....................  
.................... // this is to improve compatability with previous LCD drivers that accepted 
.................... // a define labeled 'use_portb_lcd' that configured the LCD onto port B. 
.................... #if ((defined(use_portb_lcd)) && (use_portb_lcd==TRUE)) 
....................  #define LCD_DATA_PORT getenv("SFR:PORTB") 
.................... #endif 
....................  
.................... #if defined(__PCB__) 
....................    // these definitions only need to be modified for baseline PICs. 
....................    // all other PICs use LCD_PIN_MAP or individual LCD_xxx pin definitions. 
.................... /*                                    EN, RS,   RW,   UNUSED,  DATA  */ 
....................  const LCD_PIN_MAP LCD_OUTPUT_MAP =  {0,  0,    0,    0,       0}; 
....................  const LCD_PIN_MAP LCD_INPUT_MAP =   {0,  0,    0,    0,       0xF}; 
.................... #endif 
....................  
.................... ////////////////////// END CONFIGURATION /////////////////////////////////// 
....................  
.................... #ifndef LCD_ENABLE_PIN 
....................    #define lcd_output_enable(x) lcdlat.enable=x 
....................    #define lcd_enable_tris()   lcdtris.enable=0 
.................... #else 
....................    #define lcd_output_enable(x) output_bit(LCD_ENABLE_PIN, x) 
....................    #define lcd_enable_tris()  output_drive(LCD_ENABLE_PIN) 
.................... #endif 
....................  
.................... #ifndef LCD_RS_PIN 
....................    #define lcd_output_rs(x) lcdlat.rs=x 
....................    #define lcd_rs_tris()   lcdtris.rs=0 
.................... #else 
....................    #define lcd_output_rs(x) output_bit(LCD_RS_PIN, x) 
....................    #define lcd_rs_tris()  output_drive(LCD_RS_PIN) 
.................... #endif 
....................  
.................... #ifndef LCD_RW_PIN 
....................    #define lcd_output_rw(x) lcdlat.rw=x 
....................    #define lcd_rw_tris()   lcdtris.rw=0 
.................... #else 
....................    #define lcd_output_rw(x) output_bit(LCD_RW_PIN, x) 
....................    #define lcd_rw_tris()  output_drive(LCD_RW_PIN) 
.................... #endif 
....................  
.................... // original version of this library incorrectly labeled LCD_DATA0 as LCD_DATA4, 
.................... // LCD_DATA1 as LCD_DATA5, and so on.  this block of code makes the driver 
.................... // compatible with any code written for the original library 
.................... #if (defined(LCD_DATA0) && defined(LCD_DATA1) && defined(LCD_DATA2) && defined(LCD_DATA3) && !defined(LCD_DATA4) && !defined(LCD_DATA5) && !defined(LCD_DATA6) && !defined(LCD_DATA7)) 
....................    #define  LCD_DATA4    LCD_DATA0 
....................    #define  LCD_DATA5    LCD_DATA1 
....................    #define  LCD_DATA6    LCD_DATA2 
....................    #define  LCD_DATA7    LCD_DATA3 
.................... #endif 
....................  
.................... #ifndef LCD_DATA4 
.................... #ifndef LCD_DATA_PORT 
....................    #if defined(__PCB__) 
....................       #define LCD_DATA_PORT      0x06     //portb 
....................       #define set_tris_lcd(x)   set_tris_b(x) 
....................    #else 
....................      #if defined(PIN_D0) 
....................       #define LCD_DATA_PORT      getenv("SFR:PORTD")     //portd 
....................      #else 
....................       #define LCD_DATA_PORT      getenv("SFR:PORTB")     //portb 
....................      #endif 
....................    #endif    
.................... #endif 
....................  
.................... #if defined(__PCB__) 
....................    LCD_PIN_MAP lcd, lcdlat; 
....................    #byte lcd = LCD_DATA_PORT 
....................    #byte lcdlat = LCD_DATA_PORT 
.................... #elif defined(__PCM__) 
....................    LCD_PIN_MAP lcd, lcdlat, lcdtris; 
....................    #byte lcd = LCD_DATA_PORT 
....................    #byte lcdlat = LCD_DATA_PORT 
....................    #byte lcdtris = LCD_DATA_PORT+0x80 
.................... #elif defined(__PCH__) 
....................    LCD_PIN_MAP lcd, lcdlat, lcdtris; 
....................    #byte lcd = LCD_DATA_PORT 
....................    #byte lcdlat = LCD_DATA_PORT+9 
....................    #byte lcdtris = LCD_DATA_PORT+0x12 
.................... #elif defined(__PCD__) 
....................    LCD_PIN_MAP lcd, lcdlat, lcdtris; 
....................    #word lcd = LCD_DATA_PORT 
....................    #word lcdlat = LCD_DATA_PORT+2 
....................    #word lcdtris = LCD_DATA_PORT-0x02 
.................... #endif 
.................... #endif   //LCD_DATA4 not defined 
....................  
.................... #ifndef LCD_TYPE 
....................    #define LCD_TYPE 2           // 0=5x7, 1=5x10, 2=2 lines 
.................... #endif 
....................  
.................... #ifndef LCD_LINE_TWO 
....................    #define LCD_LINE_TWO 0x40    // LCD RAM address for the second line 
.................... #endif 
....................  
.................... #ifndef LCD_LINE_LENGTH 
....................    #define LCD_LINE_LENGTH 20 
.................... #endif 
....................  
.................... unsigned int8 const LCD_INIT_STRING[4] = {0x20 | (LCD_TYPE << 2), 0xc, 1, 6}; 
....................                              // These bytes need to be sent to the LCD 
....................                              // to start it up. 
....................  
.................... unsigned int8 lcd_read_nibble(void); 
....................  
.................... unsigned int8 lcd_read_byte(void) 
.................... { 
....................    unsigned int8 low,high; 
....................  
....................  #if defined(__PCB__) 
....................    set_tris_lcd(LCD_INPUT_MAP); 
....................  #else 
....................   #if (defined(LCD_DATA4) && defined(LCD_DATA5) && defined(LCD_DATA6) && defined(LCD_DATA7)) 
....................    output_float(LCD_DATA4); 
*
0110:  BSF    06.4
....................    output_float(LCD_DATA5); 
0111:  BSF    06.5
....................    output_float(LCD_DATA6); 
0112:  BSF    06.6
....................    output_float(LCD_DATA7); 
0113:  BSF    06.7
....................   #else 
....................    lcdtris.data = 0xF; 
....................   #endif 
....................  #endif 
....................          
....................    lcd_output_rw(1); 
0114:  BCF    03.5
0115:  BSF    06.2
0116:  BSF    03.5
0117:  BCF    06.2
....................    delay_cycles(1); 
0118:  NOP
....................    lcd_output_enable(1); 
0119:  BCF    03.5
011A:  BSF    06.0
011B:  BSF    03.5
011C:  BCF    06.0
....................    delay_cycles(1); 
011D:  NOP
....................    high = lcd_read_nibble(); 
011E:  BCF    03.5
011F:  CALL   0D7
0120:  MOVF   78,W
0121:  MOVWF  3C
....................        
....................    lcd_output_enable(0); 
0122:  BCF    06.0
0123:  BSF    03.5
0124:  BCF    06.0
....................    delay_cycles(1); 
0125:  NOP
....................    lcd_output_enable(1); 
0126:  BCF    03.5
0127:  BSF    06.0
0128:  BSF    03.5
0129:  BCF    06.0
....................    delay_us(1); 
012A:  GOTO   12B
012B:  GOTO   12C
012C:  NOP
....................    low = lcd_read_nibble(); 
012D:  BCF    03.5
012E:  CALL   0D7
012F:  MOVF   78,W
0130:  MOVWF  3B
....................        
....................    lcd_output_enable(0); 
0131:  BCF    06.0
0132:  BSF    03.5
0133:  BCF    06.0
....................  
....................  #if defined(__PCB__) 
....................    set_tris_lcd(LCD_OUTPUT_MAP); 
....................  #else 
....................   #if (defined(LCD_DATA4) && defined(LCD_DATA5) && defined(LCD_DATA6) && defined(LCD_DATA7)) 
....................    output_drive(LCD_DATA4); 
0134:  BCF    06.4
....................    output_drive(LCD_DATA5); 
0135:  BCF    06.5
....................    output_drive(LCD_DATA6); 
0136:  BCF    06.6
....................    output_drive(LCD_DATA7); 
0137:  BCF    06.7
....................   #else 
....................    lcdtris.data = 0x0; 
....................   #endif 
....................  #endif 
....................  
....................    return( (high<<4) | low); 
0138:  BCF    03.5
0139:  SWAPF  3C,W
013A:  MOVWF  77
013B:  MOVLW  F0
013C:  ANDWF  77,F
013D:  MOVF   77,W
013E:  IORWF  3B,W
013F:  MOVWF  78
.................... } 
....................  
.................... unsigned int8 lcd_read_nibble(void) 
.................... { 
....................   #if (defined(LCD_DATA4) && defined(LCD_DATA5) && defined(LCD_DATA6) && defined(LCD_DATA7)) 
*
00D7:  CLRF   3D
....................    unsigned int8 n = 0x00; 
....................  
....................    /* Read the data port */ 
....................    n |= input(LCD_DATA4); 
00D8:  BSF    03.5
00D9:  BSF    06.4
00DA:  MOVLW  00
00DB:  BCF    03.5
00DC:  BTFSC  06.4
00DD:  MOVLW  01
00DE:  IORWF  3D,F
....................    n |= input(LCD_DATA5) << 1; 
00DF:  BSF    03.5
00E0:  BSF    06.5
00E1:  MOVLW  00
00E2:  BCF    03.5
00E3:  BTFSC  06.5
00E4:  MOVLW  01
00E5:  MOVWF  77
00E6:  BCF    03.0
00E7:  RLF    77,F
00E8:  MOVF   77,W
00E9:  IORWF  3D,F
....................    n |= input(LCD_DATA6) << 2; 
00EA:  BSF    03.5
00EB:  BSF    06.6
00EC:  MOVLW  00
00ED:  BCF    03.5
00EE:  BTFSC  06.6
00EF:  MOVLW  01
00F0:  MOVWF  77
00F1:  RLF    77,F
00F2:  RLF    77,F
00F3:  MOVLW  FC
00F4:  ANDWF  77,F
00F5:  MOVF   77,W
00F6:  IORWF  3D,F
....................    n |= input(LCD_DATA7) << 3; 
00F7:  BSF    03.5
00F8:  BSF    06.7
00F9:  MOVLW  00
00FA:  BCF    03.5
00FB:  BTFSC  06.7
00FC:  MOVLW  01
00FD:  MOVWF  77
00FE:  RLF    77,F
00FF:  RLF    77,F
0100:  RLF    77,F
0101:  MOVLW  F8
0102:  ANDWF  77,F
0103:  MOVF   77,W
0104:  IORWF  3D,F
....................     
....................    return(n); 
0105:  MOVF   3D,W
0106:  MOVWF  78
....................   #else 
0107:  RETURN
....................    return(lcd.data); 
....................   #endif 
.................... } 
....................  
.................... void lcd_send_nibble(unsigned int8 n) 
.................... { 
....................   #if (defined(LCD_DATA4) && defined(LCD_DATA5) && defined(LCD_DATA6) && defined(LCD_DATA7)) 
....................    /* Write to the data port */ 
....................    output_bit(LCD_DATA4, bit_test(n, 0)); 
*
00A7:  BTFSC  3C.0
00A8:  GOTO   0AB
00A9:  BCF    06.4
00AA:  GOTO   0AC
00AB:  BSF    06.4
00AC:  BSF    03.5
00AD:  BCF    06.4
....................    output_bit(LCD_DATA5, bit_test(n, 1)); 
00AE:  BCF    03.5
00AF:  BTFSC  3C.1
00B0:  GOTO   0B3
00B1:  BCF    06.5
00B2:  GOTO   0B4
00B3:  BSF    06.5
00B4:  BSF    03.5
00B5:  BCF    06.5
....................    output_bit(LCD_DATA6, bit_test(n, 2)); 
00B6:  BCF    03.5
00B7:  BTFSC  3C.2
00B8:  GOTO   0BB
00B9:  BCF    06.6
00BA:  GOTO   0BC
00BB:  BSF    06.6
00BC:  BSF    03.5
00BD:  BCF    06.6
....................    output_bit(LCD_DATA7, bit_test(n, 3)); 
00BE:  BCF    03.5
00BF:  BTFSC  3C.3
00C0:  GOTO   0C3
00C1:  BCF    06.7
00C2:  GOTO   0C4
00C3:  BSF    06.7
00C4:  BSF    03.5
00C5:  BCF    06.7
....................   #else       
....................    lcdlat.data = n; 
....................   #endif 
....................        
....................    delay_cycles(1); 
00C6:  NOP
....................    lcd_output_enable(1); 
00C7:  BCF    03.5
00C8:  BSF    06.0
00C9:  BSF    03.5
00CA:  BCF    06.0
....................    delay_us(2); 
00CB:  MOVLW  02
00CC:  MOVWF  77
00CD:  DECFSZ 77,F
00CE:  GOTO   0CD
00CF:  GOTO   0D0
00D0:  NOP
....................    lcd_output_enable(0); 
00D1:  BCF    03.5
00D2:  BCF    06.0
00D3:  BSF    03.5
00D4:  BCF    06.0
00D5:  BCF    03.5
00D6:  RETURN
.................... } 
....................  
.................... void lcd_send_byte(unsigned int8 address, unsigned int8 n) 
.................... { 
....................   #if defined(__PCB__) 
....................    set_tris_lcd(LCD_OUTPUT_MAP); 
....................   #else 
....................    lcd_enable_tris(); 
*
0108:  BSF    03.5
0109:  BCF    06.0
....................    lcd_rs_tris(); 
010A:  BCF    06.1
....................    lcd_rw_tris(); 
010B:  BCF    06.2
....................   #endif 
....................  
....................    lcd_output_rs(0); 
010C:  BCF    03.5
010D:  BCF    06.1
010E:  BSF    03.5
010F:  BCF    06.1
....................    while ( bit_test(lcd_read_byte(),7) ) ; 
*
0140:  MOVF   78,W
0141:  MOVWF  3B
0142:  BTFSS  3B.7
0143:  GOTO   146
0144:  BSF    03.5
0145:  GOTO   110
....................    lcd_output_rs(address); 
0146:  MOVF   39,F
0147:  BTFSS  03.2
0148:  GOTO   14B
0149:  BCF    06.1
014A:  GOTO   14C
014B:  BSF    06.1
014C:  BSF    03.5
014D:  BCF    06.1
....................    delay_cycles(1); 
014E:  NOP
....................    lcd_output_rw(0); 
014F:  BCF    03.5
0150:  BCF    06.2
0151:  BSF    03.5
0152:  BCF    06.2
....................    delay_cycles(1); 
0153:  NOP
....................    lcd_output_enable(0); 
0154:  BCF    03.5
0155:  BCF    06.0
0156:  BSF    03.5
0157:  BCF    06.0
....................    lcd_send_nibble(n >> 4); 
0158:  BCF    03.5
0159:  SWAPF  3A,W
015A:  MOVWF  3B
015B:  MOVLW  0F
015C:  ANDWF  3B,F
015D:  MOVF   3B,W
015E:  MOVWF  3C
015F:  CALL   0A7
....................    lcd_send_nibble(n & 0xf); 
0160:  MOVF   3A,W
0161:  ANDLW  0F
0162:  MOVWF  3B
0163:  MOVWF  3C
0164:  CALL   0A7
0165:  RETURN
.................... } 
....................  
.................... #if defined(LCD_EXTENDED_NEWLINE) 
.................... unsigned int8 g_LcdX, g_LcdY; 
.................... #endif 
....................  
.................... void lcd_init(void)  
.................... { 
....................    unsigned int8 i; 
....................  
....................  #if defined(__PCB__) 
....................    set_tris_lcd(LCD_OUTPUT_MAP); 
....................  #else 
....................   #if (defined(LCD_DATA4) && defined(LCD_DATA5) && defined(LCD_DATA6) && defined(LCD_DATA7)) 
....................    output_drive(LCD_DATA4); 
0166:  BSF    03.5
0167:  BCF    06.4
....................    output_drive(LCD_DATA5); 
0168:  BCF    06.5
....................    output_drive(LCD_DATA6); 
0169:  BCF    06.6
....................    output_drive(LCD_DATA7); 
016A:  BCF    06.7
....................   #else 
....................    lcdtris.data = 0x0; 
....................   #endif 
....................    lcd_enable_tris(); 
016B:  BCF    06.0
....................    lcd_rs_tris(); 
016C:  BCF    06.1
....................    lcd_rw_tris(); 
016D:  BCF    06.2
....................  #endif 
....................  
....................    lcd_output_rs(0); 
016E:  BCF    03.5
016F:  BCF    06.1
0170:  BSF    03.5
0171:  BCF    06.1
....................    lcd_output_rw(0); 
0172:  BCF    03.5
0173:  BCF    06.2
0174:  BSF    03.5
0175:  BCF    06.2
....................    lcd_output_enable(0); 
0176:  BCF    03.5
0177:  BCF    06.0
0178:  BSF    03.5
0179:  BCF    06.0
....................      
....................    delay_ms(15); 
017A:  MOVLW  0F
017B:  BCF    03.5
017C:  MOVWF  35
017D:  CALL   093
....................    for(i=1;i<=3;++i) 
017E:  MOVLW  01
017F:  MOVWF  2E
0180:  MOVF   2E,W
0181:  SUBLW  03
0182:  BTFSS  03.0
0183:  GOTO   18C
....................    { 
....................        lcd_send_nibble(3); 
0184:  MOVLW  03
0185:  MOVWF  3C
0186:  CALL   0A7
....................        delay_ms(5); 
0187:  MOVLW  05
0188:  MOVWF  35
0189:  CALL   093
018A:  INCF   2E,F
018B:  GOTO   180
....................    } 
....................     
....................    lcd_send_nibble(2); 
018C:  MOVLW  02
018D:  MOVWF  3C
018E:  CALL   0A7
....................    delay_ms(5); 
018F:  MOVLW  05
0190:  MOVWF  35
0191:  CALL   093
....................    for(i=0;i<=3;++i) 
0192:  CLRF   2E
0193:  MOVF   2E,W
0194:  SUBLW  03
0195:  BTFSS  03.0
0196:  GOTO   1A0
....................       lcd_send_byte(0,LCD_INIT_STRING[i]); 
0197:  MOVF   2E,W
0198:  CALL   004
0199:  MOVWF  2F
019A:  CLRF   39
019B:  MOVF   2F,W
019C:  MOVWF  3A
019D:  CALL   108
....................  
....................   #if defined(LCD_EXTENDED_NEWLINE) 
019E:  INCF   2E,F
019F:  GOTO   193
01A0:  BCF    0A.3
01A1:  BCF    0A.4
01A2:  GOTO   36D (RETURN)
....................    g_LcdX = 0; 
....................    g_LcdY = 0; 
....................   #endif 
.................... } 
....................  
.................... void lcd_gotoxy(unsigned int8 x, unsigned int8 y) 
.................... { 
....................    unsigned int8 address; 
....................     
....................    if(y!=1) 
01A3:  DECFSZ 36,W
01A4:  GOTO   1A6
01A5:  GOTO   1A9
....................       address=LCD_LINE_TWO; 
01A6:  MOVLW  40
01A7:  MOVWF  37
01A8:  GOTO   1AA
....................    else 
....................       address=0; 
01A9:  CLRF   37
....................       
....................    address+=x-1; 
01AA:  MOVLW  01
01AB:  SUBWF  35,W
01AC:  ADDWF  37,F
....................    lcd_send_byte(0,0x80|address); 
01AD:  MOVF   37,W
01AE:  IORLW  80
01AF:  MOVWF  38
01B0:  CLRF   39
01B1:  MOVF   38,W
01B2:  MOVWF  3A
01B3:  CALL   108
....................  
....................   #if defined(LCD_EXTENDED_NEWLINE) 
01B4:  RETURN
....................    g_LcdX = x - 1; 
....................    g_LcdY = y - 1; 
....................   #endif 
.................... } 
....................  
.................... void lcd_putc(char c) 
.................... { 
....................    switch (c) 
01B5:  MOVF   34,W
01B6:  XORLW  07
01B7:  BTFSC  03.2
01B8:  GOTO   1C3
01B9:  XORLW  0B
01BA:  BTFSC  03.2
01BB:  GOTO   1C8
01BC:  XORLW  06
01BD:  BTFSC  03.2
01BE:  GOTO   1D0
01BF:  XORLW  02
01C0:  BTFSC  03.2
01C1:  GOTO   1D6
01C2:  GOTO   1DB
....................    { 
....................       case '\a'   :  lcd_gotoxy(1,1);     break; 
01C3:  MOVLW  01
01C4:  MOVWF  35
01C5:  MOVWF  36
01C6:  CALL   1A3
01C7:  GOTO   1E0
....................  
....................       case '\f'   :  lcd_send_byte(0,1); 
01C8:  CLRF   39
01C9:  MOVLW  01
01CA:  MOVWF  3A
01CB:  CALL   108
....................                      delay_ms(2); 
01CC:  MOVLW  02
01CD:  MOVWF  35
01CE:  CALL   093
....................                     #if defined(LCD_EXTENDED_NEWLINE) 
....................                      g_LcdX = 0; 
....................                      g_LcdY = 0; 
....................                     #endif 
....................                      break; 
01CF:  GOTO   1E0
....................  
....................      #if defined(LCD_EXTENDED_NEWLINE) 
....................       case '\r'   :  lcd_gotoxy(1, g_LcdY+1);   break; 
....................       case '\n'   : 
....................          while (g_LcdX++ < LCD_LINE_LENGTH) 
....................          { 
....................             lcd_send_byte(1, ' '); 
....................          } 
....................          lcd_gotoxy(1, g_LcdY+2); 
....................          break; 
....................      #else 
....................       case '\n'   : lcd_gotoxy(1,2);        break; 
01D0:  MOVLW  01
01D1:  MOVWF  35
01D2:  MOVLW  02
01D3:  MOVWF  36
01D4:  CALL   1A3
01D5:  GOTO   1E0
....................      #endif 
....................       
....................       case '\b'   : lcd_send_byte(0,0x10);  break; 
01D6:  CLRF   39
01D7:  MOVLW  10
01D8:  MOVWF  3A
01D9:  CALL   108
01DA:  GOTO   1E0
....................       
....................      #if defined(LCD_EXTENDED_NEWLINE) 
....................       default     :  
....................          if (g_LcdX < LCD_LINE_LENGTH) 
....................          { 
....................             lcd_send_byte(1, c); 
....................             g_LcdX++; 
....................          } 
....................          break; 
....................      #else 
....................       default     : lcd_send_byte(1,c);     break; 
01DB:  MOVLW  01
01DC:  MOVWF  39
01DD:  MOVF   34,W
01DE:  MOVWF  3A
01DF:  CALL   108
....................      #endif 
....................    } 
01E0:  RETURN
.................... } 
....................   
.................... char lcd_getc(unsigned int8 x, unsigned int8 y) 
.................... { 
....................    char value; 
....................  
....................    lcd_gotoxy(x,y); 
....................    while ( bit_test(lcd_read_byte(),7) ); // wait until busy flag is low 
....................    lcd_output_rs(1); 
....................    value = lcd_read_byte(); 
....................    lcd_output_rs(0); 
....................     
....................    return(value); 
.................... } 
....................  
.................... // write a custom character to the ram 
.................... // which is 0-7 and specifies which character array we are modifying. 
.................... // ptr points to an array of 8 bytes, where each byte is the next row of 
.................... //    pixels.  only bits 0-4 are used.  the last row is the cursor row, and 
.................... //    usually you will want to leave this byte 0x00. 
.................... void lcd_set_cgram_char(unsigned int8 which, unsigned int8 *ptr) 
.................... { 
....................    unsigned int i; 
....................  
....................    which <<= 3; 
....................    which &= 0x38; 
....................  
....................    lcd_send_byte(0, 0x40 | which);  //set cgram address 
....................  
....................    for(i=0; i<8; i++) 
....................    { 
....................       lcd_send_byte(1, *ptr++); 
....................    } 
....................    
....................    #if defined(LCD_EXTENDED_NEWLINE) 
....................     lcd_gotoxy(g_LcdX+1, g_LcdY+1);  //set ddram address 
....................    #endif 
.................... } 
....................  
.................... void lcd_cursor_on(int1 on) 
.................... { 
....................    if (on) 
....................    { 
....................       lcd_send_byte(0,0x0F);           //turn LCD cursor ON 
....................    } 
....................    else 
....................    { 
....................       lcd_send_byte(0,0x0C);           //turn LCD cursor OFF 
....................    } 
.................... } 
....................  
.................... #endif 
....................  
....................  
.................... int tus; 
....................  
....................  int keypad(){ 
....................      tus=12; 
*
022C:  MOVLW  0C
022D:  MOVWF  20
....................      delay_ms(50);  
022E:  MOVLW  32
022F:  MOVWF  35
0230:  CALL   093
....................      output_high(pin_d0); 
0231:  BSF    03.5
0232:  BCF    08.0
0233:  BCF    03.5
0234:  BSF    08.0
....................      if(input(pin_d4)){ 
0235:  BSF    03.5
0236:  BSF    08.4
0237:  BCF    03.5
0238:  BTFSS  08.4
0239:  GOTO   23F
....................      delay_ms(50); 
023A:  MOVLW  32
023B:  MOVWF  35
023C:  CALL   093
....................      tus=3; 
023D:  MOVLW  03
023E:  MOVWF  20
....................      } 
....................      if(input(pin_d5)){ 
023F:  BSF    03.5
0240:  BSF    08.5
0241:  BCF    03.5
0242:  BTFSS  08.5
0243:  GOTO   249
....................      delay_ms(50); 
0244:  MOVLW  32
0245:  MOVWF  35
0246:  CALL   093
....................      tus=6; 
0247:  MOVLW  06
0248:  MOVWF  20
....................      } 
....................      if(input(pin_d6)){ 
0249:  BSF    03.5
024A:  BSF    08.6
024B:  BCF    03.5
024C:  BTFSS  08.6
024D:  GOTO   253
....................      delay_ms(50); 
024E:  MOVLW  32
024F:  MOVWF  35
0250:  CALL   093
....................      tus=9; 
0251:  MOVLW  09
0252:  MOVWF  20
....................      } 
....................      if(input(pin_d7)){ 
0253:  BSF    03.5
0254:  BSF    08.7
0255:  BCF    03.5
0256:  BTFSS  08.7
0257:  GOTO   25D
....................      delay_ms(50); 
0258:  MOVLW  32
0259:  MOVWF  35
025A:  CALL   093
....................      tus=10; 
025B:  MOVLW  0A
025C:  MOVWF  20
....................      } 
....................      output_low(pin_d0); 
025D:  BSF    03.5
025E:  BCF    08.0
025F:  BCF    03.5
0260:  BCF    08.0
....................        
....................      delay_ms(50); 
0261:  MOVLW  32
0262:  MOVWF  35
0263:  CALL   093
....................      output_high(pin_d1); 
0264:  BSF    03.5
0265:  BCF    08.1
0266:  BCF    03.5
0267:  BSF    08.1
....................      if(input(pin_d4)){ 
0268:  BSF    03.5
0269:  BSF    08.4
026A:  BCF    03.5
026B:  BTFSS  08.4
026C:  GOTO   272
....................      delay_ms(50); 
026D:  MOVLW  32
026E:  MOVWF  35
026F:  CALL   093
....................      tus=2; 
0270:  MOVLW  02
0271:  MOVWF  20
....................      } 
....................      if(input(pin_d5)){ 
0272:  BSF    03.5
0273:  BSF    08.5
0274:  BCF    03.5
0275:  BTFSS  08.5
0276:  GOTO   27C
....................      delay_ms(50); 
0277:  MOVLW  32
0278:  MOVWF  35
0279:  CALL   093
....................      tus=5; 
027A:  MOVLW  05
027B:  MOVWF  20
....................      } 
....................      if(input(pin_d6)){ 
027C:  BSF    03.5
027D:  BSF    08.6
027E:  BCF    03.5
027F:  BTFSS  08.6
0280:  GOTO   286
....................      delay_ms(50); 
0281:  MOVLW  32
0282:  MOVWF  35
0283:  CALL   093
....................      tus=8; 
0284:  MOVLW  08
0285:  MOVWF  20
....................      } 
....................      if(input(pin_d7)){ 
0286:  BSF    03.5
0287:  BSF    08.7
0288:  BCF    03.5
0289:  BTFSS  08.7
028A:  GOTO   28F
....................      delay_ms(50); 
028B:  MOVLW  32
028C:  MOVWF  35
028D:  CALL   093
....................      tus=0; 
028E:  CLRF   20
....................      } 
....................       output_low(pin_d1); 
028F:  BSF    03.5
0290:  BCF    08.1
0291:  BCF    03.5
0292:  BCF    08.1
....................       delay_ms(50); 
0293:  MOVLW  32
0294:  MOVWF  35
0295:  CALL   093
....................  
....................      output_high(pin_d2); 
0296:  BSF    03.5
0297:  BCF    08.2
0298:  BCF    03.5
0299:  BSF    08.2
....................       
....................      if(input(pin_d4)){ 
029A:  BSF    03.5
029B:  BSF    08.4
029C:  BCF    03.5
029D:  BTFSS  08.4
029E:  GOTO   2A4
....................      delay_ms(50); 
029F:  MOVLW  32
02A0:  MOVWF  35
02A1:  CALL   093
....................      tus=1; 
02A2:  MOVLW  01
02A3:  MOVWF  20
....................      } 
....................      if(input(pin_d5)){ 
02A4:  BSF    03.5
02A5:  BSF    08.5
02A6:  BCF    03.5
02A7:  BTFSS  08.5
02A8:  GOTO   2AE
....................      delay_ms(20); 
02A9:  MOVLW  14
02AA:  MOVWF  35
02AB:  CALL   093
....................      tus=4; 
02AC:  MOVLW  04
02AD:  MOVWF  20
....................      } 
....................      if(input(pin_d6)){ 
02AE:  BSF    03.5
02AF:  BSF    08.6
02B0:  BCF    03.5
02B1:  BTFSS  08.6
02B2:  GOTO   2B8
....................      delay_ms(50); 
02B3:  MOVLW  32
02B4:  MOVWF  35
02B5:  CALL   093
....................      tus=7; 
02B6:  MOVLW  07
02B7:  MOVWF  20
....................      } 
....................      if(input(pin_d7)){ 
02B8:  BSF    03.5
02B9:  BSF    08.7
02BA:  BCF    03.5
02BB:  BTFSS  08.7
02BC:  GOTO   2C2
....................      delay_ms(50); 
02BD:  MOVLW  32
02BE:  MOVWF  35
02BF:  CALL   093
....................      tus=11; 
02C0:  MOVLW  0B
02C1:  MOVWF  20
....................      } 
....................      output_low(pin_d2); 
02C2:  BSF    03.5
02C3:  BCF    08.2
02C4:  BCF    03.5
02C5:  BCF    08.2
....................      delay_ms(50); 
02C6:  MOVLW  32
02C7:  MOVWF  35
02C8:  CALL   093
....................     
....................    return tus;   
02C9:  MOVF   20,W
02CA:  MOVWF  78
02CB:  RETURN
....................    } 
.................... void main() 
*
035F:  MOVLW  FF
0360:  MOVWF  21
0361:  BSF    03.5
0362:  BSF    1F.0
0363:  BSF    1F.1
0364:  BSF    1F.2
0365:  BCF    1F.3
0366:  MOVLW  07
0367:  MOVWF  1C
0368:  BCF    03.7
0369:  MOVLW  1F
036A:  ANDWF  03,F
.................... {   
....................    lcd_init();   
036B:  BCF    03.5
036C:  GOTO   166
....................    set_tris_d(0x0f); 
036D:  MOVLW  0F
036E:  BSF    03.5
036F:  MOVWF  08
....................    int sifre[8]={1,2,3,4,5,6,7,8}; 
0370:  MOVLW  01
0371:  BCF    03.5
0372:  MOVWF  22
0373:  MOVLW  02
0374:  MOVWF  23
0375:  MOVLW  03
0376:  MOVWF  24
0377:  MOVLW  04
0378:  MOVWF  25
0379:  MOVLW  05
037A:  MOVWF  26
037B:  MOVLW  06
037C:  MOVWF  27
037D:  MOVLW  07
037E:  MOVWF  28
037F:  MOVLW  08
0380:  MOVWF  29
....................    int donentus,sifrebyt=8,sayac=0,girilensayi=0;  
0381:  MOVWF  2B
0382:  CLRF   2C
0383:  CLRF   2D
....................    printf(lcd_putc,"sifre girin yada\n"); 
0384:  MOVLW  0C
0385:  BSF    03.6
0386:  MOVWF  0D
0387:  MOVLW  00
0388:  MOVWF  0F
0389:  BCF    03.6
038A:  CALL   1E1
....................    printf(lcd_putc,"sifre degis \"*\""); 
038B:  MOVLW  15
038C:  BSF    03.6
038D:  MOVWF  0D
038E:  MOVLW  00
038F:  MOVWF  0F
0390:  BCF    03.6
0391:  CALL   1E1
....................    while(TRUE) 
....................    {  
....................    donentus=keypad();   
0392:  CALL   22C
0393:  MOVF   78,W
0394:  MOVWF  2A
....................     
....................    if(donentus!=11 && donentus!=12 && sayac!=sifrebyt){                //en baþta þifre girmek için 
0395:  MOVF   2A,W
0396:  SUBLW  0B
0397:  BTFSC  03.2
0398:  GOTO   428
0399:  MOVF   2A,W
039A:  SUBLW  0C
039B:  BTFSC  03.2
039C:  GOTO   428
039D:  MOVF   2B,W
039E:  SUBWF  2C,W
039F:  BTFSC  03.2
03A0:  GOTO   428
....................       printf(lcd_putc,"\f"); 
03A1:  MOVLW  0C
03A2:  MOVWF  34
03A3:  CALL   1B5
....................       printf(lcd_putc,"sifreyi girin\n"); 
03A4:  MOVLW  1D
03A5:  BSF    03.6
03A6:  MOVWF  0D
03A7:  MOVLW  00
03A8:  MOVWF  0F
03A9:  BCF    03.6
03AA:  CALL   1E1
....................       output_low(pin_c1); 
03AB:  BCF    21.1
03AC:  MOVF   21,W
03AD:  BSF    03.5
03AE:  MOVWF  07
03AF:  BCF    03.5
03B0:  BCF    07.1
....................       while(donentus!=10){                         //þifre kontrolü 
03B1:  MOVF   2A,W
03B2:  SUBLW  0A
03B3:  BTFSC  03.2
03B4:  GOTO   3D8
....................          if(girilensayi<8 && donentus!=11){ 
03B5:  MOVF   2D,W
03B6:  SUBLW  07
03B7:  BTFSS  03.0
03B8:  GOTO   3D1
03B9:  MOVF   2A,W
03BA:  SUBLW  0B
03BB:  BTFSC  03.2
03BC:  GOTO   3D1
....................             if(donentus!=12 && sifre[girilensayi]==donentus ){ 
03BD:  MOVF   2A,W
03BE:  SUBLW  0C
03BF:  BTFSC  03.2
03C0:  GOTO   3C9
03C1:  MOVLW  22
03C2:  ADDWF  2D,W
03C3:  MOVWF  04
03C4:  BCF    03.7
03C5:  MOVF   2A,W
03C6:  SUBWF  00,W
03C7:  BTFSC  03.2
....................                sayac++; 
03C8:  INCF   2C,F
....................             } 
....................             if(donentus!=12){ 
03C9:  MOVF   2A,W
03CA:  SUBLW  0C
03CB:  BTFSC  03.2
03CC:  GOTO   3D1
....................             girilensayi++; 
03CD:  INCF   2D,F
....................             printf(lcd_putc,"*"); 
03CE:  MOVLW  2A
03CF:  MOVWF  34
03D0:  CALL   1B5
....................             }            
....................          } 
....................          delay_ms(100); 
03D1:  MOVLW  64
03D2:  MOVWF  35
03D3:  CALL   093
....................          donentus=keypad(); 
03D4:  CALL   22C
03D5:  MOVF   78,W
03D6:  MOVWF  2A
03D7:  GOTO   3B1
....................       } 
....................       if(sayac==sifrebyt){                         //led yakma 
03D8:  MOVF   2B,W
03D9:  SUBWF  2C,W
03DA:  BTFSS  03.2
03DB:  GOTO   3F4
....................          girilensayi=0; 
03DC:  CLRF   2D
....................          output_low(pin_c1); 
03DD:  BCF    21.1
03DE:  MOVF   21,W
03DF:  BSF    03.5
03E0:  MOVWF  07
03E1:  BCF    03.5
03E2:  BCF    07.1
....................          output_high(pin_c0); 
03E3:  BCF    21.0
03E4:  MOVF   21,W
03E5:  BSF    03.5
03E6:  MOVWF  07
03E7:  BCF    03.5
03E8:  BSF    07.0
....................          printf(lcd_putc,"\f"); 
03E9:  MOVLW  0C
03EA:  MOVWF  34
03EB:  CALL   1B5
....................          printf(lcd_putc,"sifre doðru\n"); 
03EC:  MOVLW  25
03ED:  BSF    03.6
03EE:  MOVWF  0D
03EF:  MOVLW  00
03F0:  MOVWF  0F
03F1:  BCF    03.6
03F2:  CALL   2CC
....................       } 
03F3:  GOTO   428
....................       else if (sayac!=sifrebyt){ 
03F4:  MOVF   2B,W
03F5:  SUBWF  2C,W
03F6:  BTFSC  03.2
03F7:  GOTO   428
....................          girilensayi=0;sayac=0; 
03F8:  CLRF   2D
03F9:  CLRF   2C
....................          output_low(pin_c0); 
03FA:  BCF    21.0
03FB:  MOVF   21,W
03FC:  BSF    03.5
03FD:  MOVWF  07
03FE:  BCF    03.5
03FF:  BCF    07.0
....................          output_high(pin_c1); 
0400:  BCF    21.1
0401:  MOVF   21,W
0402:  BSF    03.5
0403:  MOVWF  07
0404:  BCF    03.5
0405:  BSF    07.1
....................          printf(lcd_putc,"\f"); 
0406:  MOVLW  0C
0407:  MOVWF  34
0408:  CALL   1B5
....................          printf(lcd_putc,"sifre yanlýs\n"); 
0409:  MOVLW  32
040A:  BSF    03.6
040B:  MOVWF  0D
040C:  MOVLW  00
040D:  MOVWF  0F
040E:  BCF    03.6
040F:  CALL   2CC
....................          printf(lcd_putc,"tekrar deneyiniz\n"); 
0410:  MOVLW  40
0411:  BSF    03.6
0412:  MOVWF  0D
0413:  MOVLW  00
0414:  MOVWF  0F
0415:  BCF    03.6
0416:  CALL   1E1
....................          delay_ms(700); 
0417:  MOVLW  04
0418:  MOVWF  2E
0419:  MOVLW  AF
041A:  MOVWF  35
041B:  CALL   093
041C:  DECFSZ 2E,F
041D:  GOTO   419
....................          printf(lcd_putc,"\f"); 
041E:  MOVLW  0C
041F:  MOVWF  34
0420:  CALL   1B5
....................          printf(lcd_putc,"sifreyi girin\n"); 
0421:  MOVLW  49
0422:  BSF    03.6
0423:  MOVWF  0D
0424:  MOVLW  00
0425:  MOVWF  0F
0426:  BCF    03.6
0427:  CALL   1E1
....................       } 
....................    } 
....................     
....................    if(donentus==11){                         //þifre deðiþtirmek için þifre girin 
0428:  MOVF   2A,W
0429:  SUBLW  0B
042A:  BTFSS  03.2
042B:  GOTO   4FE
....................       if(sayac != sifrebyt){                 //þifre daha önce girilmiþ mi 
042C:  MOVF   2B,W
042D:  SUBWF  2C,W
042E:  BTFSC  03.2
042F:  GOTO   472
....................       output_low(pin_c1); 
0430:  BCF    21.1
0431:  MOVF   21,W
0432:  BSF    03.5
0433:  MOVWF  07
0434:  BCF    03.5
0435:  BCF    07.1
....................       printf(lcd_putc,"\f"); 
0436:  MOVLW  0C
0437:  MOVWF  34
0438:  CALL   1B5
....................       printf(lcd_putc,"sifreyi girin\n"); 
0439:  MOVLW  51
043A:  BSF    03.6
043B:  MOVWF  0D
043C:  MOVLW  00
043D:  MOVWF  0F
043E:  BCF    03.6
043F:  CALL   1E1
....................       donentus=12;sayac=0; 
0440:  MOVLW  0C
0441:  MOVWF  2A
0442:  CLRF   2C
....................       while(donentus==12){ 
0443:  MOVF   2A,W
0444:  SUBLW  0C
0445:  BTFSS  03.2
0446:  GOTO   44B
....................          donentus=keypad(); 
0447:  CALL   22C
0448:  MOVF   78,W
0449:  MOVWF  2A
044A:  GOTO   443
....................       }  
....................       while(donentus!=10){                   //þifre kontrolü 
044B:  MOVF   2A,W
044C:  SUBLW  0A
044D:  BTFSC  03.2
044E:  GOTO   472
....................          if(girilensayi<8 && donentus!=11){ 
044F:  MOVF   2D,W
0450:  SUBLW  07
0451:  BTFSS  03.0
0452:  GOTO   46B
0453:  MOVF   2A,W
0454:  SUBLW  0B
0455:  BTFSC  03.2
0456:  GOTO   46B
....................             if(donentus!=12 && sifre[girilensayi]==donentus ){ 
0457:  MOVF   2A,W
0458:  SUBLW  0C
0459:  BTFSC  03.2
045A:  GOTO   463
045B:  MOVLW  22
045C:  ADDWF  2D,W
045D:  MOVWF  04
045E:  BCF    03.7
045F:  MOVF   2A,W
0460:  SUBWF  00,W
0461:  BTFSC  03.2
....................                sayac++; 
0462:  INCF   2C,F
....................             } 
....................             if(donentus!=12){ 
0463:  MOVF   2A,W
0464:  SUBLW  0C
0465:  BTFSC  03.2
0466:  GOTO   46B
....................             girilensayi++; 
0467:  INCF   2D,F
....................             printf(lcd_putc,"*"); 
0468:  MOVLW  2A
0469:  MOVWF  34
046A:  CALL   1B5
....................             }            
....................          } 
....................          delay_ms(100); 
046B:  MOVLW  64
046C:  MOVWF  35
046D:  CALL   093
....................          donentus=keypad(); 
046E:  CALL   22C
046F:  MOVF   78,W
0470:  MOVWF  2A
0471:  GOTO   44B
....................       } 
....................       } 
....................       if(sayac!=sifrebyt){ 
0472:  MOVF   2B,W
0473:  SUBWF  2C,W
0474:  BTFSC  03.2
0475:  GOTO   490
....................          girilensayi=0;sayac=0; 
0476:  CLRF   2D
0477:  CLRF   2C
....................          output_high(pin_c1); 
0478:  BCF    21.1
0479:  MOVF   21,W
047A:  BSF    03.5
047B:  MOVWF  07
047C:  BCF    03.5
047D:  BSF    07.1
....................          printf(lcd_putc,"\f"); 
047E:  MOVLW  0C
047F:  MOVWF  34
0480:  CALL   1B5
....................          printf(lcd_putc,"sifre yanlýs\n"); 
0481:  MOVLW  59
0482:  BSF    03.6
0483:  MOVWF  0D
0484:  MOVLW  00
0485:  MOVWF  0F
0486:  BCF    03.6
0487:  CALL   2CC
....................          printf(lcd_putc,"tekrar deneyiniz\n");       
0488:  MOVLW  67
0489:  BSF    03.6
048A:  MOVWF  0D
048B:  MOVLW  00
048C:  MOVWF  0F
048D:  BCF    03.6
048E:  CALL   1E1
....................       } 
048F:  GOTO   4FE
....................       else if(sayac==sifrebyt){ 
0490:  MOVF   2B,W
0491:  SUBWF  2C,W
0492:  BTFSS  03.2
0493:  GOTO   4FE
....................          output_high(pin_c0); 
0494:  BCF    21.0
0495:  MOVF   21,W
0496:  BSF    03.5
0497:  MOVWF  07
0498:  BCF    03.5
0499:  BSF    07.0
....................          printf(lcd_putc,"\f"); 
049A:  MOVLW  0C
049B:  MOVWF  34
049C:  CALL   1B5
....................          printf(lcd_putc,"yeni sifreyi girin\n"); 
049D:  MOVLW  70
049E:  BSF    03.6
049F:  MOVWF  0D
04A0:  MOVLW  00
04A1:  MOVWF  0F
04A2:  BCF    03.6
04A3:  CALL   1E1
....................          donentus=12;girilensayi=0; 
04A4:  MOVLW  0C
04A5:  MOVWF  2A
04A6:  CLRF   2D
....................          while(donentus==12){ 
04A7:  MOVF   2A,W
04A8:  SUBLW  0C
04A9:  BTFSS  03.2
04AA:  GOTO   4AF
....................          donentus=keypad(); 
04AB:  CALL   22C
04AC:  MOVF   78,W
04AD:  MOVWF  2A
04AE:  GOTO   4A7
....................          }  
....................          while(donentus!=10){ 
04AF:  MOVF   2A,W
04B0:  SUBLW  0A
04B1:  BTFSC  03.2
04B2:  GOTO   4D2
....................             if(girilensayi<8 && donentus!=11){ 
04B3:  MOVF   2D,W
04B4:  SUBLW  07
04B5:  BTFSS  03.0
04B6:  GOTO   4CB
04B7:  MOVF   2A,W
04B8:  SUBLW  0B
04B9:  BTFSC  03.2
04BA:  GOTO   4CB
....................             if(donentus!=12){ 
04BB:  MOVF   2A,W
04BC:  SUBLW  0C
04BD:  BTFSC  03.2
04BE:  GOTO   4CB
....................                sifre[girilensayi]=donentus; 
04BF:  MOVLW  22
04C0:  ADDWF  2D,W
04C1:  MOVWF  04
04C2:  BCF    03.7
04C3:  MOVF   2A,W
04C4:  MOVWF  00
....................                girilensayi++; 
04C5:  INCF   2D,F
....................                printf(lcd_putc,"%d",donentus); 
04C6:  MOVF   2A,W
04C7:  MOVWF  2E
04C8:  MOVLW  18
04C9:  MOVWF  2F
04CA:  GOTO   306
....................             }        
....................          } 
....................          delay_ms(100); 
04CB:  MOVLW  64
04CC:  MOVWF  35
04CD:  CALL   093
....................          donentus=keypad(); 
04CE:  CALL   22C
04CF:  MOVF   78,W
04D0:  MOVWF  2A
04D1:  GOTO   4AF
....................          } 
....................          sifrebyt=girilensayi; 
04D2:  MOVF   2D,W
04D3:  MOVWF  2B
....................          girilensayi=0;sayac=0; 
04D4:  CLRF   2D
04D5:  CLRF   2C
....................          printf(lcd_putc,"\f"); 
04D6:  MOVLW  0C
04D7:  MOVWF  34
04D8:  CALL   1B5
....................          printf(lcd_putc,"sifre degisti\n"); 
04D9:  MOVLW  7A
04DA:  BSF    03.6
04DB:  MOVWF  0D
04DC:  MOVLW  00
04DD:  MOVWF  0F
04DE:  BCF    03.6
04DF:  CALL   1E1
....................          printf(lcd_putc,"yeniden giriniz\n"); 
04E0:  MOVLW  82
04E1:  BSF    03.6
04E2:  MOVWF  0D
04E3:  MOVLW  00
04E4:  MOVWF  0F
04E5:  BCF    03.6
04E6:  CALL   1E1
....................          delay_ms(700); 
04E7:  MOVLW  04
04E8:  MOVWF  2E
04E9:  MOVLW  AF
04EA:  MOVWF  35
04EB:  CALL   093
04EC:  DECFSZ 2E,F
04ED:  GOTO   4E9
....................          output_low(pin_c0); 
04EE:  BCF    21.0
04EF:  MOVF   21,W
04F0:  BSF    03.5
04F1:  MOVWF  07
04F2:  BCF    03.5
04F3:  BCF    07.0
....................          printf(lcd_putc,"\f"); 
04F4:  MOVLW  0C
04F5:  MOVWF  34
04F6:  CALL   1B5
....................          printf(lcd_putc,"sifreyi girin\n"); 
04F7:  MOVLW  8B
04F8:  BSF    03.6
04F9:  MOVWF  0D
04FA:  MOVLW  00
04FB:  MOVWF  0F
04FC:  BCF    03.6
04FD:  CALL   1E1
....................       } 
....................    } 
04FE:  GOTO   392
....................     
....................    } 
....................  
.................... } 
04FF:  SLEEP

Configuration Fuses:
   Word  1: 3F32   HS NOWDT PUT NOBROWNOUT NOLVP NOCPD NOWRT NODEBUG NOPROTECT
